This is pdfTeX, Version 3.141592653-2.6-1.40.29 (MiKTeX 26.2) (preloaded format=pdflatex 2026.5.4)  30 JUN 2026 19:55
entering extended mode
 restricted \write18 enabled.
 %&-line parsing enabled.
**./main.tex
(main.tex
LaTeX2e <2025-11-01>
L3 programming layer <2026-03-20>

(C:\Users\nhnis\AppData\Local\Programs\MiKTeX\tex/latex/elsarticle\elsarticle.c
ls
Document Class: elsarticle 2026/01/09, 3.5: Elsevier Ltd
(C:\Users\nhnis\AppData\Local\Programs\MiKTeX\tex/latex/base\fontenc.sty
Package: fontenc 2025/07/18 v2.1d Standard LaTeX package
)
(C:\Users\nhnis\AppData\Local\Programs\MiKTeX\tex/latex/l3kernel\expl3.sty
Package: expl3 2026-03-20 L3 programming layer (loader) 

(C:\Users\nhnis\AppData\Local\Programs\MiKTeX\tex/latex/l3backend\l3backend-pdf
tex.def
File: l3backend-pdftex.def 2026-02-18 L3 backend support: PDF output (pdfTeX)
\l__color_backend_stack_int=\count275
))
(C:\Users\nhnis\AppData\Local\Programs\MiKTeX\tex/latex/l3packages/xparse\xpars
e.sty
Package: xparse 2025-10-09 L3 Experimental document command parser
)
(C:\Users\nhnis\AppData\Local\Programs\MiKTeX\tex/latex/etoolbox\etoolbox.sty
Package: etoolbox 2025/10/02 v2.5m e-TeX tools for LaTeX (JAW)
\etb@tempcnta=\count276
)
\@bls=\dimen150

(C:\Users\nhnis\AppData\Local\Programs\MiKTeX\tex/latex/base\article.cls
Document Class: article 2025/01/22 v1.4n Standard LaTeX document class
(C:\Users\nhnis\AppData\Local\Programs\MiKTeX\tex/latex/base\size12.clo
File: size12.clo 2025/01/22 v1.4n Standard LaTeX file (size option)
)
\c@part=\count277
\c@section=\count278
\c@subsection=\count279
\c@subsubsection=\count280
\c@paragraph=\count281
\c@subparagraph=\count282
\c@figure=\count283
\c@table=\count284
\abovecaptionskip=\skip49
\belowcaptionskip=\skip50
\bibindent=\dimen151
)
(C:\Users\nhnis\AppData\Local\Programs\MiKTeX\tex/latex/graphics\graphicx.sty
Package: graphicx 2024/12/31 v1.2e Enhanced LaTeX Graphics (DPC,SPQR)

(C:\Users\nhnis\AppData\Local\Programs\MiKTeX\tex/latex/graphics\keyval.sty
Package: keyval 2022/05/29 v1.15 key=value parser (DPC)
\KV@toks@=\toks17
)
(C:\Users\nhnis\AppData\Local\Programs\MiKTeX\tex/latex/graphics\graphics.sty
Package: graphics 2024/08/06 v1.4g Standard LaTeX Graphics (DPC,SPQR)

(C:\Users\nhnis\AppData\Local\Programs\MiKTeX\tex/latex/graphics\trig.sty
Package: trig 2023/12/02 v1.11 sin cos tan (DPC)
)
(C:\Users\nhnis\AppData\Local\Programs\MiKTeX\tex/latex/graphics-cfg\graphics.c
fg
File: graphics.cfg 2016/06/04 v1.11 sample graphics configuration
)
Package graphics Info: Driver file: pdftex.def on input line 106.

(C:\Users\nhnis\AppData\Local\Programs\MiKTeX\tex/latex/graphics-def\pdftex.def
File: pdftex.def 2025/09/29 v1.2d Graphics/color driver for pdftex
))
\Gin@req@height=\dimen152
\Gin@req@width=\dimen153
)
\c@tnote=\count285
\c@fnote=\count286
\c@cnote=\count287
\c@ead=\count288
\c@elsarticle@author=\count289
\@eadauthor=\toks18
\c@affn=\count290
\absbox=\box53
\elsarticlehighlightsbox=\box54
\elsarticlegrabsbox=\box55
\keybox=\box56
\Columnwidth=\dimen154
\space@left=\dimen155
\els@boxa=\box57
\els@boxb=\box58
\leftMargin=\dimen156
\@enLab=\toks19
\@sep=\skip51
\@@sep=\skip52
 (main.spl)
(C:\Users\nhnis\AppData\Local\Programs\MiKTeX\tex/latex/natbib\natbib.sty
Package: natbib 2010/09/13 8.31b (PWD, AO)
\bibhang=\skip53
\bibsep=\skip54
LaTeX Info: Redefining \cite on input line 694.
\c@NAT@ctr=\count291
)
\splwrite=\write3
\openout3 = `main.spl'.

\appnamewidth=\dimen157
)
(C:\Users\nhnis\AppData\Local\Programs\MiKTeX\tex/latex/booktabs\booktabs.sty
Package: booktabs 2020/01/12 v1.61803398 Publication quality tables
\heavyrulewidth=\dimen158
\lightrulewidth=\dimen159
\cmidrulewidth=\dimen160
\belowrulesep=\dimen161
\belowbottomsep=\dimen162
\aboverulesep=\dimen163
\abovetopsep=\dimen164
\cmidrulesep=\dimen165
\cmidrulekern=\dimen166
\defaultaddspace=\dimen167
\@cmidla=\count292
\@cmidlb=\count293
\@aboverulesep=\dimen168
\@belowrulesep=\dimen169
\@thisruleclass=\count294
\@lastruleclass=\count295
\@thisrulewidth=\dimen170
)
(C:\Users\nhnis\AppData\Local\Programs\MiKTeX\tex/latex/tools\array.sty
Package: array 2025/09/25 v2.6n Tabular extension package (FMi)
\col@sep=\dimen171
\ar@mcellbox=\box59
\extrarowheight=\dimen172
\NC@list=\toks20
\extratabsurround=\skip55
\backup@length=\skip56
\ar@cellbox=\box60
)
(C:\Users\nhnis\AppData\Local\Programs\MiKTeX\tex/latex/tools\tabularx.sty
Package: tabularx 2023/12/11 v2.12a `tabularx' package (DPC)
\TX@col@width=\dimen173
\TX@old@table=\dimen174
\TX@old@col=\dimen175
\TX@target=\dimen176
\TX@delta=\dimen177
\TX@cols=\count296
\TX@ftn=\toks21
)
(C:\Users\nhnis\AppData\Local\Programs\MiKTeX\tex/latex/xcolor\xcolor.sty
Package: xcolor 2024/09/29 v3.02 LaTeX color extensions (UK)

(C:\Users\nhnis\AppData\Local\Programs\MiKTeX\tex/latex/graphics-cfg\color.cfg
File: color.cfg 2016/01/02 v1.6 sample color configuration
)
Package xcolor Info: Driver file: pdftex.def on input line 274.
(C:\Users\nhnis\AppData\Local\Programs\MiKTeX\tex/latex/graphics\mathcolor.ltx)
Package xcolor Info: Model `cmy' substituted by `cmy0' on input line 1349.
Package xcolor Info: Model `hsb' substituted by `rgb' on input line 1353.
Package xcolor Info: Model `RGB' extended on input line 1365.
Package xcolor Info: Model `HTML' substituted by `rgb' on input line 1367.
Package xcolor Info: Model `Hsb' substituted by `hsb' on input line 1368.
Package xcolor Info: Model `tHsb' substituted by `hsb' on input line 1369.
Package xcolor Info: Model `HSB' substituted by `hsb' on input line 1370.
Package xcolor Info: Model `Gray' substituted by `gray' on input line 1371.
Package xcolor Info: Model `wave' substituted by `hsb' on input line 1372.
) (C:\Users\nhnis\AppData\Local\Programs\MiKTeX\tex/latex/amsmath\amsmath.sty
Package: amsmath 2025/07/09 v2.17z AMS math features
\@mathmargin=\skip57

For additional information on amsmath, use the `?' option.
(C:\Users\nhnis\AppData\Local\Programs\MiKTeX\tex/latex/amsmath\amstext.sty
Package: amstext 2024/11/17 v2.01 AMS text

(C:\Users\nhnis\AppData\Local\Programs\MiKTeX\tex/latex/amsmath\amsgen.sty
File: amsgen.sty 1999/11/30 v2.0 generic functions
\@emptytoks=\toks22
\ex@=\dimen178
))
(C:\Users\nhnis\AppData\Local\Programs\MiKTeX\tex/latex/amsmath\amsbsy.sty
Package: amsbsy 1999/11/29 v1.2d Bold Symbols
\pmbraise@=\dimen179
)
(C:\Users\nhnis\AppData\Local\Programs\MiKTeX\tex/latex/amsmath\amsopn.sty
Package: amsopn 2022/04/08 v2.04 operator names
)
\inf@bad=\count297
LaTeX Info: Redefining \frac on input line 233.
\uproot@=\count298
\leftroot@=\count299
LaTeX Info: Redefining \overline on input line 398.
LaTeX Info: Redefining \colon on input line 409.
\classnum@=\count300
\DOTSCASE@=\count301
LaTeX Info: Redefining \ldots on input line 495.
LaTeX Info: Redefining \dots on input line 498.
LaTeX Info: Redefining \cdots on input line 619.
\Mathstrutbox@=\box61
\strutbox@=\box62
LaTeX Info: Redefining \big on input line 721.
LaTeX Info: Redefining \Big on input line 722.
LaTeX Info: Redefining \bigg on input line 723.
LaTeX Info: Redefining \Bigg on input line 724.
\big@size=\dimen180
LaTeX Font Info:    Redeclaring font encoding OML on input line 742.
LaTeX Font Info:    Redeclaring font encoding OMS on input line 743.
\macc@depth=\count302
LaTeX Info: Redefining \bmod on input line 904.
LaTeX Info: Redefining \pmod on input line 909.
LaTeX Info: Redefining \smash on input line 939.
LaTeX Info: Redefining \relbar on input line 969.
LaTeX Info: Redefining \Relbar on input line 970.
\c@MaxMatrixCols=\count303
\dotsspace@=\muskip17
\c@parentequation=\count304
\dspbrk@lvl=\count305
\tag@help=\toks23
\row@=\count306
\column@=\count307
\maxfields@=\count308
\andhelp@=\toks24
\eqnshift@=\dimen181
\alignsep@=\dimen182
\tagshift@=\dimen183
\tagwidth@=\dimen184
\totwidth@=\dimen185
\lineht@=\dimen186
\@envbody=\toks25
\multlinegap=\skip58
\multlinetaggap=\skip59
\mathdisplay@stack=\toks26
LaTeX Info: Redefining \[ on input line 2950.
LaTeX Info: Redefining \] on input line 2951.
)
(C:\Users\nhnis\AppData\Local\Programs\MiKTeX\tex/latex/hyperref\hyperref.sty
Package: hyperref 2026-01-29 v7.01p Hypertext links for LaTeX

(C:\Users\nhnis\AppData\Local\Programs\MiKTeX\tex/generic/iftex\iftex.sty
Package: iftex 2024/12/12 v1.0g TeX engine tests
)
(C:\Users\nhnis\AppData\Local\Programs\MiKTeX\tex/latex/kvsetkeys\kvsetkeys.sty
Package: kvsetkeys 2022-10-05 v1.19 Key value parser (HO)
)
(C:\Users\nhnis\AppData\Local\Programs\MiKTeX\tex/generic/kvdefinekeys\kvdefine
keys.sty
Package: kvdefinekeys 2019-12-19 v1.6 Define keys (HO)
)
(C:\Users\nhnis\AppData\Local\Programs\MiKTeX\tex/generic/pdfescape\pdfescape.s
ty
Package: pdfescape 2019/12/09 v1.15 Implements pdfTeX's escape features (HO)

(C:\Users\nhnis\AppData\Local\Programs\MiKTeX\tex/generic/ltxcmds\ltxcmds.sty
Package: ltxcmds 2023-12-04 v1.26 LaTeX kernel commands for general use (HO)
)
(C:\Users\nhnis\AppData\Local\Programs\MiKTeX\tex/generic/pdftexcmds\pdftexcmds
.sty
Package: pdftexcmds 2020-06-27 v0.33 Utility functions of pdfTeX for LuaTeX (HO
)

(C:\Users\nhnis\AppData\Local\Programs\MiKTeX\tex/generic/infwarerr\infwarerr.s
ty
Package: infwarerr 2019/12/03 v1.5 Providing info/warning/error messages (HO)
)
Package pdftexcmds Info: \pdf@primitive is available.
Package pdftexcmds Info: \pdf@ifprimitive is available.
Package pdftexcmds Info: \pdfdraftmode found.
))
(C:\Users\nhnis\AppData\Local\Programs\MiKTeX\tex/latex/hycolor\hycolor.sty
Package: hycolor 2020-01-27 v1.10 Color options for hyperref/bookmark (HO)
)
(C:\Users\nhnis\AppData\Local\Programs\MiKTeX\tex/latex/hyperref\nameref.sty
Package: nameref 2026-01-29 v2.58 Cross-referencing by name of section

(C:\Users\nhnis\AppData\Local\Programs\MiKTeX\tex/latex/refcount\refcount.sty
Package: refcount 2019/12/15 v3.6 Data extraction from label references (HO)
)
(C:\Users\nhnis\AppData\Local\Programs\MiKTeX\tex/generic/gettitlestring\gettit
lestring.sty
Package: gettitlestring 2019/12/15 v1.6 Cleanup title references (HO)

(C:\Users\nhnis\AppData\Local\Programs\MiKTeX\tex/latex/kvoptions\kvoptions.sty
Package: kvoptions 2022-06-15 v3.15 Key value format for package options (HO)
))
\c@section@level=\count309
)
(C:\Users\nhnis\AppData\Local\Programs\MiKTeX\tex/generic/stringenc\stringenc.s
ty
Package: stringenc 2019/11/29 v1.12 Convert strings between diff. encodings (HO
)
)
\@linkdim=\dimen187
\Hy@linkcounter=\count310
\Hy@pagecounter=\count311
 (C:\Users\nhnis\AppData\Local\Programs\MiKTeX\tex/latex/hyperref\pd1enc.def
File: pd1enc.def 2026-01-29 v7.01p Hyperref: PDFDocEncoding definition (HO)
Now handling font encoding PD1 ...
... no UTF-8 mapping file for font encoding PD1
) (C:\Users\nhnis\AppData\Local\Programs\MiKTeX\tex/generic/intcalc\intcalc.sty
Package: intcalc 2019/12/15 v1.3 Expandable calculations with integers (HO)
)
\Hy@SavedSpaceFactor=\count312
 (C:\Users\nhnis\AppData\Local\Programs\MiKTeX\tex/latex/hyperref\puenc.def
File: puenc.def 2026-01-29 v7.01p Hyperref: PDF Unicode definition (HO)
Now handling font encoding PU ...
... no UTF-8 mapping file for font encoding PU
)
Package hyperref Info: Hyper figures OFF on input line 4201.
Package hyperref Info: Link nesting OFF on input line 4206.
Package hyperref Info: Hyper index ON on input line 4209.
Package hyperref Info: Plain pages OFF on input line 4216.
Package hyperref Info: Backreferencing OFF on input line 4221.
Package hyperref Info: Implicit mode ON; LaTeX internals redefined.
Package hyperref Info: Bookmarks ON on input line 4468.
\c@Hy@tempcnt=\count313

(C:\Users\nhnis\AppData\Local\Programs\MiKTeX\tex/latex/url\url.sty
\Urlmuskip=\muskip18
Package: url 2013/09/16  ver 3.4  Verb mode for urls, etc.
)
LaTeX Info: Redefining \url on input line 4807.
\XeTeXLinkMargin=\dimen188

(C:\Users\nhnis\AppData\Local\Programs\MiKTeX\tex/generic/bitset\bitset.sty
Package: bitset 2019/12/09 v1.3 Handle bit-vector datatype (HO)

(C:\Users\nhnis\AppData\Local\Programs\MiKTeX\tex/generic/bigintcalc\bigintcalc
.sty
Package: bigintcalc 2019/12/15 v1.5 Expandable calculations on big integers (HO
)
))
\Fld@menulength=\count314
\Field@Width=\dimen189
\Fld@charsize=\dimen190
Package hyperref Info: Hyper figures OFF on input line 6084.
Package hyperref Info: Link nesting OFF on input line 6089.
Package hyperref Info: Hyper index ON on input line 6092.
Package hyperref Info: backreferencing OFF on input line 6099.
Package hyperref Info: Link coloring OFF on input line 6104.
Package hyperref Info: Link coloring with OCG OFF on input line 6109.
Package hyperref Info: PDF/A mode OFF on input line 6114.
\Hy@abspage=\count315
\c@Item=\count316
\c@Hfootnote=\count317
)
Package hyperref Info: Driver (autodetected): hpdftex.

(C:\Users\nhnis\AppData\Local\Programs\MiKTeX\tex/latex/hyperref\hpdftex.def
File: hpdftex.def 2026-01-29 v7.01p Hyperref driver for pdfTeX
\Fld@listcount=\count318
\c@bookmark@seq@number=\count319

(C:\Users\nhnis\AppData\Local\Programs\MiKTeX\tex/latex/rerunfilecheck\rerunfil
echeck.sty
Package: rerunfilecheck 2025-06-21 v1.11 Rerun checks for auxiliary files (HO)

(C:\Users\nhnis\AppData\Local\Programs\MiKTeX\tex/generic/uniquecounter\uniquec
ounter.sty
Package: uniquecounter 2019/12/15 v1.4 Provide unlimited unique counter (HO)
)
Package uniquecounter Info: New unique counter `rerunfilecheck' on input line 2
84.
)
\Hy@SectionHShift=\skip60
) (main.aux)
\openout1 = `main.aux'.

LaTeX Font Info:    Checking defaults for OML/cmm/m/it on input line 18.
LaTeX Font Info:    ... okay on input line 18.
LaTeX Font Info:    Checking defaults for OMS/cmsy/m/n on input line 18.
LaTeX Font Info:    ... okay on input line 18.
LaTeX Font Info:    Checking defaults for OT1/cmr/m/n on input line 18.
LaTeX Font Info:    ... okay on input line 18.
LaTeX Font Info:    Checking defaults for T1/cmr/m/n on input line 18.
LaTeX Font Info:    ... okay on input line 18.
LaTeX Font Info:    Checking defaults for TS1/cmr/m/n on input line 18.
LaTeX Font Info:    ... okay on input line 18.
LaTeX Font Info:    Checking defaults for OMX/cmex/m/n on input line 18.
LaTeX Font Info:    ... okay on input line 18.
LaTeX Font Info:    Checking defaults for U/cmr/m/n on input line 18.
LaTeX Font Info:    ... okay on input line 18.
LaTeX Font Info:    Checking defaults for PD1/pdf/m/n on input line 18.
LaTeX Font Info:    ... okay on input line 18.
LaTeX Font Info:    Checking defaults for PU/pdf/m/n on input line 18.
LaTeX Font Info:    ... okay on input line 18.

(C:\Users\nhnis\AppData\Local\Programs\MiKTeX\tex/context/base/mkii\supp-pdf.mk
ii
[Loading MPS to PDF converter (version 2006.09.02).]
\scratchcounter=\count320
\scratchdimen=\dimen191
\scratchbox=\box63
\nofMPsegments=\count321
\nofMParguments=\count322
\everyMPshowfont=\toks27
\MPscratchCnt=\count323
\MPscratchDim=\dimen192
\MPnumerator=\count324
\makeMPintoPDFobject=\count325
\everyMPtoPDFconversion=\toks28
)
(C:\Users\nhnis\AppData\Local\Programs\MiKTeX\tex/latex/epstopdf-pkg\epstopdf-b
ase.sty
Package: epstopdf-base 2020-01-24 v2.11 Base part for package epstopdf
Package epstopdf-base Info: Redefining graphics rule for `.eps' on input line 4
85.

(C:\Users\nhnis\AppData\Local\Programs\MiKTeX\tex/latex/00miktex\epstopdf-sys.c
fg
File: epstopdf-sys.cfg 2021/03/18 v2.0 Configuration of epstopdf for MiKTeX
))
Package hyperref Info: Link coloring OFF on input line 18.
 (main.out) (main.out)
\@outlinefile=\write4
\openout4 = `main.out'.

 [1


{C:/Users/nhnis/AppData/Local/MiKTeX/fonts/map/pdftex/pdftex.map}] [2] [3]
Underfull \hbox (badness 10000) in paragraph at lines 91--91
[]|\T1/cmr/m/n/8 Large-scale dig-i-tal
 []


Underfull \hbox (badness 10000) in paragraph at lines 91--91
[]|\T1/cmr/m/n/8 Field con-text for scal-able
 []


Underfull \hbox (badness 10000) in paragraph at lines 91--91
[]|\T1/cmr/m/n/8 Realistic audio-based
 []


Underfull \hbox (badness 4193) in paragraph at lines 91--91
[]|\T1/cmr/m/n/8 Transfer learn-ing and
 []


Underfull \hbox (badness 10000) in paragraph at lines 91--91
[]|\T1/cmr/m/n/8 Multimodal respiratory-audio
 []


Underfull \hbox (badness 10000) in paragraph at lines 91--91
[]|\T1/cmr/m/n/8 Ensemble ma-chine
 []


Underfull \hbox (badness 10000) in paragraph at lines 91--91
[]|\T1/cmr/m/n/8 Spectrogram trans-
 []


Underfull \hbox (badness 10000) in paragraph at lines 91--91
[]|\T1/cmr/m/n/8 Multiple cough
 []


Underfull \hbox (badness 10000) in paragraph at lines 91--91
[]|\T1/cmr/m/n/8 Cross-dataset cough
 []


Underfull \hbox (badness 3428) in paragraph at lines 91--91
[]|\T1/cmr/m/n/8 Context for in-ter-pret-ing weak
 []


Underfull \hbox (badness 10000) in paragraph at lines 91--91
\T1/cmr/m/n/8 Coswara-to-COUGHVID trans-
 []


Underfull \hbox (badness 10000) in paragraph at lines 91--91
[]|\T1/cmr/m/n/8 Temporal drift and
 []


Underfull \hbox (badness 10000) in paragraph at lines 91--91
[]|\T1/cmr/m/n/8 Confounding cri-
 []


Underfull \hbox (badness 10000) in paragraph at lines 91--91
[]|\T1/cmr/m/n/8 Symptom and con-
 []


Underfull \hbox (badness 8132) in paragraph at lines 91--91
[]|\T1/cmr/m/n/8 Motivates symptoms-only and
 []


Underfull \hbox (badness 3439) in paragraph at lines 91--91
\T1/cmr/m/n/8 de-mo-graphic/protocol meta-data
 []

<../common_figures/fig_dataset_quality_flow.pdf, id=179, 496.89012pt x 239.0805
8pt>
File: ../common_figures/fig_dataset_quality_flow.pdf Graphic file (type pdf)
<use ../common_figures/fig_dataset_quality_flow.pdf>
Package pdftex.def Info: ../common_figures/fig_dataset_quality_flow.pdf  used o
n input line 102.
(pdftex.def)             Requested size: 366.60095pt x 176.39517pt.
[4] [5] [6 <../common_figures/fig_dataset_quality_flow.pdf>] [7]
<../common_figures/fig_pipeline.pdf, id=263, 582.85754pt x 200.76607pt>
File: ../common_figures/fig_pipeline.pdf Graphic file (type pdf)
<use ../common_figures/fig_pipeline.pdf>
Package pdftex.def Info: ../common_figures/fig_pipeline.pdf  used on input line
 166.
(pdftex.def)             Requested size: 366.60095pt x 126.27803pt.
<../common_figures/fig_multimodal_fusion.pdf, id=264, 556.42131pt x 250.21016pt
>
File: ../common_figures/fig_multimodal_fusion.pdf Graphic file (type pdf)
<use ../common_figures/fig_multimodal_fusion.pdf>
Package pdftex.def Info: ../common_figures/fig_multimodal_fusion.pdf  used on i
nput line 173.
(pdftex.def)             Requested size: 366.60095pt x 164.85286pt.
 [8 <../common_figures/fig_pipeline.pdf>]
<../common_figures/fig_evaluation_ladder.pdf, id=372, 488.16402pt x 261.21313pt
>
File: ../common_figures/fig_evaluation_ladder.pdf Graphic file (type pdf)
<use ../common_figures/fig_evaluation_ladder.pdf>
Package pdftex.def Info: ../common_figures/fig_evaluation_ladder.pdf  used on i
nput line 192.
(pdftex.def)             Requested size: 366.60095pt x 196.16444pt.
 [9 <../common_figures/fig_multimodal_fusion.pdf>]
Underfull \hbox (badness 10000) in paragraph at lines 220--220
[]|\T1/cmr/m/n/8 Participant-disjoint
 []


Underfull \hbox (badness 10000) in paragraph at lines 220--220
[]|\T1/cmr/m/n/8 Is there source-
 []


Underfull \hbox (badness 3240) in paragraph at lines 220--220
\T1/cmr/m/n/8 domain respiratory-
 []


Underfull \hbox (badness 1163) in paragraph at lines 220--220
[]|\T1/cmr/m/n/8 Supports fea-si-bil-ity in-side Coswara
 []


Underfull \hbox (badness 1496) in paragraph at lines 220--220
\T1/cmr/m/n/8 sig-nal sta-ble across
 []


Underfull \hbox (badness 10000) in paragraph at lines 220--220
[]|\T1/cmr/m/n/8 AUROC 0.849
 []


Underfull \hbox (badness 4205) in paragraph at lines 220--220
[]|\T1/cmr/m/n/8 COUGHVID ex-ter-nal
 []


Underfull \hbox (badness 10000) in paragraph at lines 220--220
[]|\T1/cmr/m/n/8 Does a Coswara
 []


Underfull \hbox (badness 1406) in paragraph at lines 220--220
\T1/cmr/m/n/8 ables pre-dict la-bels
 []


Underfull \hbox (badness 7344) in paragraph at lines 220--220
\T1/cmr/m/n/8 with-out res-pi-ra-tory
 []

[10 <../common_figures/fig_evaluation_ladder.pdf>]
<../common_figures/fig_validation_degradation.pdf, id=520, 476.96216pt x 259.40
364pt>
File: ../common_figures/fig_validation_degradation.pdf Graphic file (type pdf)
<use ../common_figures/fig_validation_degradation.pdf>
Package pdftex.def Info: ../common_figures/fig_validation_degradation.pdf  used
 on input line 250.
(pdftex.def)             Requested size: 366.60095pt x 199.38913pt.
 [11] [12 <../common_figures/fig_validation_degradation.pdf>] [13]
<../common_figures/fig_metadata_confounding.pdf, id=601, 476.95628pt x 259.4036
4pt>
File: ../common_figures/fig_metadata_confounding.pdf Graphic file (type pdf)
<use ../common_figures/fig_metadata_confounding.pdf>
Package pdftex.def Info: ../common_figures/fig_metadata_confounding.pdf  used o
n input line 368.
(pdftex.def)             Requested size: 366.60095pt x 199.38913pt.
 [14] [15]
<../common_figures/fig_clinical_reliability_interpretation.pdf, id=614, 478.221
02pt x 224.25381pt>
File: ../common_figures/fig_clinical_reliability_interpretation.pdf Graphic fil
e (type pdf)
<use ../common_figures/fig_clinical_reliability_interpretation.pdf>
Package pdftex.def Info: ../common_figures/fig_clinical_reliability_interpretat
ion.pdf  used on input line 408.
(pdftex.def)             Requested size: 366.60095pt x 171.90947pt.
 [16 <../common_figures/fig_metadata_confounding.pdf>] [17 <../common_figures/f
ig_clinical_reliability_interpretation.pdf>] [18] (main.bbl [19]
Underfull \hbox (badness 1603) in paragraph at lines 51--61
[]\T1/cmr/m/n/12 Coppock, H., Nichol-son, G., Kiskin, I., et al., 2024.  Audio-

 []


Underfull \hbox (badness 3679) in paragraph at lines 51--61
\T1/cmr/m/n/12 based AI clas-si-fiers show no ev-i-dence of im-proved COVID-19
 []


Underfull \hbox (badness 1762) in paragraph at lines 51--61
\T1/cmr/m/n/12 screen-ing over sim-ple symp-toms check-ers.  Na-ture Ma-chine I
n-
 []

[20]) [21] (main.aux)
 ***********
LaTeX2e <2025-11-01>
L3 programming layer <2026-03-20>
 ***********
Package rerunfilecheck Info: File `main.out' has not changed.
(rerunfilecheck)             Checksum: 04C6090C266D89CBFEF49786C6E5AEFD;5507.
 ) 
Here is how much of TeX's memory you used:
 11022 strings out of 467691
 170377 string characters out of 5414988
 613488 words of memory out of 5000000
 39868 multiletter control sequences out of 15000+600000
 639699 words of font info for 68 fonts, out of 8000000 for 9000
 1141 hyphenation exceptions out of 8191
 75i,11n,79p,1797b,602s stack positions out of 10000i,1000n,20000p,200000b,200000s
 <C:\Users\nhnis\AppData\Local\MiKTeX\fonts/pk/ljfour/jknappen/ec/dpi600\ectt
1200.pk> <C:\Users\nhnis\AppData\Local\MiKTeX\fonts/pk/ljfour/jknappen/ec/dpi60
0\ecrm1095.pk> <C:\Users\nhnis\AppData\Local\MiKTeX\fonts/pk/ljfour/jknappen/ec
/dpi600\ecrm1000.pk> <C:\Users\nhnis\AppData\Local\MiKTeX\fonts/pk/ljfour/jknap
pen/ec/dpi600\ecti1200.pk> <C:\Users\nhnis\AppData\Local\MiKTeX\fonts/pk/ljfour
/jknappen/ec/dpi600\ecbx1200.pk> <C:\Users\nhnis\AppData\Local\MiKTeX\fonts/pk/
ljfour/jknappen/ec/dpi600\ecti1000.pk> <C:\Users\nhnis\AppData\Local\MiKTeX\fon
ts/pk/ljfour/jknappen/ec/dpi600\ecti0700.pk> <C:\Users\nhnis\AppData\Local\MiKT
eX\fonts/pk/ljfour/jknappen/ec/dpi600\ecrm0800.pk> <C:\Users\nhnis\AppData\Loca
l\MiKTeX\fonts/pk/ljfour/jknappen/ec/dpi600\ecrm1200.pk> <C:\Users\nhnis\AppDat
a\Local\MiKTeX\fonts/pk/ljfour/jknappen/ec/dpi600\ecrm1728.pk><C:/Users/nhnis/A
ppData/Local/Programs/MiKTeX/fonts/type1/public/amsfonts/cm/cmmi12.pfb><C:/User
s/nhnis/AppData/Local/Programs/MiKTeX/fonts/type1/public/amsfonts/cm/cmsy10.pfb
>
Output written on main.pdf (21 pages, 406498 bytes).
PDF statistics:
 1317 PDF objects out of 1440 (max. 8388607)
 85 named destinations out of 1000 (max. 500000)
 236 words of extra memory for PDF output out of 10000 (max. 10000000)

